<?xml version="1.0" encoding="UTF-8"?>
<testng-results ignored="0" total="13" passed="11" failed="2" skipped="0">
  <reporter-output>
  </reporter-output>
  <suite started-at="2021-06-12T09:34:18 IST" name="Default suite" finished-at="2021-06-12T09:38:10 IST" duration-ms="231597">
    <groups>
    </groups>
    <test started-at="2021-06-12T09:34:18 IST" name="Default test" finished-at="2021-06-12T09:38:10 IST" duration-ms="231597">
      <class name="test2.proj2">
        <test-method signature="_01_valid_Login_for_Exam_Coordinator()[pri:0, instance:test2.proj2@65f095f8]" started-at="2021-06-12T09:34:18 IST" name="_01_valid_Login_for_Exam_Coordinator" finished-at="2021-06-12T09:34:31 IST" duration-ms="12443" status="PASS">
          <reporter-output>
          </reporter-output>
        </test-method> <!-- _01_valid_Login_for_Exam_Coordinator -->
        <test-method signature="_02_Publish_Exam_Coordinator()[pri:0, instance:test2.proj2@65f095f8]" started-at="2021-06-12T09:34:31 IST" name="_02_Publish_Exam_Coordinator" finished-at="2021-06-12T09:34:49 IST" duration-ms="17940" status="PASS">
          <reporter-output>
          </reporter-output>
        </test-method> <!-- _02_Publish_Exam_Coordinator -->
        <test-method signature="_03_valid_Login_for_Grace_Mark_Allocator()[pri:0, instance:test2.proj2@65f095f8]" started-at="2021-06-12T09:34:49 IST" name="_03_valid_Login_for_Grace_Mark_Allocator" finished-at="2021-06-12T09:35:03 IST" duration-ms="13926" status="PASS">
          <reporter-output>
          </reporter-output>
        </test-method> <!-- _03_valid_Login_for_Grace_Mark_Allocator -->
        <test-method signature="_04_invalid_Login_for_Grace_Mark_Allocator()[pri:0, instance:test2.proj2@65f095f8]" started-at="2021-06-12T09:35:03 IST" name="_04_invalid_Login_for_Grace_Mark_Allocator" finished-at="2021-06-12T09:35:16 IST" duration-ms="13049" status="PASS">
          <reporter-output>
          </reporter-output>
        </test-method> <!-- _04_invalid_Login_for_Grace_Mark_Allocator -->
        <test-method signature="_05_view_Events_for_Grace_Mark_Allocator()[pri:0, instance:test2.proj2@65f095f8]" started-at="2021-06-12T09:35:16 IST" name="_05_view_Events_for_Grace_Mark_Allocator" finished-at="2021-06-12T09:35:33 IST" duration-ms="17532" status="PASS">
          <reporter-output>
          </reporter-output>
        </test-method> <!-- _05_view_Events_for_Grace_Mark_Allocator -->
        <test-method signature="_06_update_Event_details_for_Grace_Mark_Allocator()[pri:0, instance:test2.proj2@65f095f8]" started-at="2021-06-12T09:35:33 IST" name="_06_update_Event_details_for_Grace_Mark_Allocator" finished-at="2021-06-12T09:35:57 IST" duration-ms="23378" status="PASS">
          <reporter-output>
          </reporter-output>
        </test-method> <!-- _06_update_Event_details_for_Grace_Mark_Allocator -->
        <test-method signature="_07_view_Grace_Marks_in_Grace_Mark_Allocator()[pri:0, instance:test2.proj2@65f095f8]" started-at="2021-06-12T09:35:57 IST" name="_07_view_Grace_Marks_in_Grace_Mark_Allocator" finished-at="2021-06-12T09:36:01 IST" duration-ms="4644" status="FAIL">
          <exception class="org.openqa.selenium.ElementClickInterceptedException">
            <message>
              <![CDATA[element click intercepted: Element <button class="dropbtn ">...</button> is not clickable at point (1186, 31). Other element would receive the click: <a href="... ">About us</a>
  (Session info: chrome=91.0.4472.101)
Build info: version: '3.141.59', revision: 'e82be7d358', time: '2018-11-14T08:25:53'
System info: host: 'LAPTOP-KIHCLQNV', ip: '192.168.0.104', os.name: 'Windows 10', os.arch: 'amd64', os.version: '10.0', java.version: '15.0.1'
Driver info: org.openqa.selenium.chrome.ChromeDriver
Capabilities {acceptInsecureCerts: false, browserName: chrome, browserVersion: 91.0.4472.101, chrome: {chromedriverVersion: 91.0.4472.19 (1bf021f248676..., userDataDir: C:\Users\Hp\AppData\Local\T...}, goog:chromeOptions: {debuggerAddress: localhost:57477}, javascriptEnabled: true, networkConnectionEnabled: false, pageLoadStrategy: normal, platform: WINDOWS, platformName: WINDOWS, proxy: Proxy(), setWindowRect: true, strictFileInteractability: false, timeouts: {implicit: 0, pageLoad: 300000, script: 30000}, unhandledPromptBehavior: dismiss and notify, webauthn:extension:largeBlob: true, webauthn:virtualAuthenticators: true}
Session ID: a2acf63f715e1d43c121b612d683fff7]]>
            </message>
            <full-stacktrace>
              <![CDATA[org.openqa.selenium.ElementClickInterceptedException: element click intercepted: Element <button class="dropbtn ">...</button> is not clickable at point (1186, 31). Other element would receive the click: <a href="... ">About us</a>
  (Session info: chrome=91.0.4472.101)
Build info: version: '3.141.59', revision: 'e82be7d358', time: '2018-11-14T08:25:53'
System info: host: 'LAPTOP-KIHCLQNV', ip: '192.168.0.104', os.name: 'Windows 10', os.arch: 'amd64', os.version: '10.0', java.version: '15.0.1'
Driver info: org.openqa.selenium.chrome.ChromeDriver
Capabilities {acceptInsecureCerts: false, browserName: chrome, browserVersion: 91.0.4472.101, chrome: {chromedriverVersion: 91.0.4472.19 (1bf021f248676..., userDataDir: C:\Users\Hp\AppData\Local\T...}, goog:chromeOptions: {debuggerAddress: localhost:57477}, javascriptEnabled: true, networkConnectionEnabled: false, pageLoadStrategy: normal, platform: WINDOWS, platformName: WINDOWS, proxy: Proxy(), setWindowRect: true, strictFileInteractability: false, timeouts: {implicit: 0, pageLoad: 300000, script: 30000}, unhandledPromptBehavior: dismiss and notify, webauthn:extension:largeBlob: true, webauthn:virtualAuthenticators: true}
Session ID: a2acf63f715e1d43c121b612d683fff7
at java.base/jdk.internal.reflect.NativeConstructorAccessorImpl.newInstance0(Native Method)
at java.base/jdk.internal.reflect.NativeConstructorAccessorImpl.newInstance(NativeConstructorAccessorImpl.java:64)
at java.base/jdk.internal.reflect.DelegatingConstructorAccessorImpl.newInstance(DelegatingConstructorAccessorImpl.java:45)
at java.base/java.lang.reflect.Constructor.newInstanceWithCaller(Constructor.java:500)
at java.base/java.lang.reflect.Constructor.newInstance(Constructor.java:481)
at org.openqa.selenium.remote.http.W3CHttpResponseCodec.createException(W3CHttpResponseCodec.java:187)
at org.openqa.selenium.remote.http.W3CHttpResponseCodec.decode(W3CHttpResponseCodec.java:122)
at org.openqa.selenium.remote.http.W3CHttpResponseCodec.decode(W3CHttpResponseCodec.java:49)
at org.openqa.selenium.remote.HttpCommandExecutor.execute(HttpCommandExecutor.java:158)
at org.openqa.selenium.remote.service.DriverCommandExecutor.execute(DriverCommandExecutor.java:83)
at org.openqa.selenium.remote.RemoteWebDriver.execute(RemoteWebDriver.java:552)
at org.openqa.selenium.remote.RemoteWebElement.execute(RemoteWebElement.java:285)
at org.openqa.selenium.remote.RemoteWebElement.click(RemoteWebElement.java:84)
at test2.proj2._07_view_Grace_Marks_in_Grace_Mark_Allocator(proj2.java:222)
at java.base/jdk.internal.reflect.NativeMethodAccessorImpl.invoke0(Native Method)
at java.base/jdk.internal.reflect.NativeMethodAccessorImpl.invoke(NativeMethodAccessorImpl.java:64)
at java.base/jdk.internal.reflect.DelegatingMethodAccessorImpl.invoke(DelegatingMethodAccessorImpl.java:43)
at java.base/java.lang.reflect.Method.invoke(Method.java:564)
at org.testng.internal.MethodInvocationHelper.invokeMethod(MethodInvocationHelper.java:133)
at org.testng.internal.TestInvoker.invokeMethod(TestInvoker.java:598)
at org.testng.internal.TestInvoker.invokeTestMethod(TestInvoker.java:173)
at org.testng.internal.MethodRunner.runInSequence(MethodRunner.java:46)
at org.testng.internal.TestInvoker$MethodInvocationAgent.invoke(TestInvoker.java:824)
at org.testng.internal.TestInvoker.invokeTestMethods(TestInvoker.java:146)
at org.testng.internal.TestMethodWorker.invokeTestMethods(TestMethodWorker.java:146)
at org.testng.internal.TestMethodWorker.run(TestMethodWorker.java:128)
at java.base/java.util.ArrayList.forEach(ArrayList.java:1511)
at org.testng.TestRunner.privateRun(TestRunner.java:794)
at org.testng.TestRunner.run(TestRunner.java:596)
at org.testng.SuiteRunner.runTest(SuiteRunner.java:377)
at org.testng.SuiteRunner.runSequentially(SuiteRunner.java:371)
at org.testng.SuiteRunner.privateRun(SuiteRunner.java:332)
at org.testng.SuiteRunner.run(SuiteRunner.java:276)
at org.testng.SuiteRunnerWorker.runSuite(SuiteRunnerWorker.java:53)
at org.testng.SuiteRunnerWorker.run(SuiteRunnerWorker.java:96)
at org.testng.TestNG.runSuitesSequentially(TestNG.java:1212)
at org.testng.TestNG.runSuitesLocally(TestNG.java:1134)
at org.testng.TestNG.runSuites(TestNG.java:1063)
at org.testng.TestNG.run(TestNG.java:1031)
at org.testng.remote.AbstractRemoteTestNG.run(AbstractRemoteTestNG.java:115)
at org.testng.remote.RemoteTestNG.initAndRun(RemoteTestNG.java:251)
at org.testng.remote.RemoteTestNG.main(RemoteTestNG.java:77)
]]>
            </full-stacktrace>
          </exception> <!-- org.openqa.selenium.ElementClickInterceptedException -->
          <reporter-output>
          </reporter-output>
        </test-method> <!-- _07_view_Grace_Marks_in_Grace_Mark_Allocator -->
        <test-method signature="_08_generate_Grace_Marks_list_in_Grace_Mark_Allocator()[pri:0, instance:test2.proj2@65f095f8]" started-at="2021-06-12T09:36:01 IST" name="_08_generate_Grace_Marks_list_in_Grace_Mark_Allocator" finished-at="2021-06-12T09:36:20 IST" duration-ms="18349" status="PASS">
          <reporter-output>
          </reporter-output>
        </test-method> <!-- _08_generate_Grace_Marks_list_in_Grace_Mark_Allocator -->
        <test-method signature="_09_update_Grace_Marks_list_in_Grace_Mark_Allocator()[pri:0, instance:test2.proj2@65f095f8]" started-at="2021-06-12T09:36:20 IST" name="_09_update_Grace_Marks_list_in_Grace_Mark_Allocator" finished-at="2021-06-12T09:36:40 IST" duration-ms="19993" status="PASS">
          <reporter-output>
          </reporter-output>
        </test-method> <!-- _09_update_Grace_Marks_list_in_Grace_Mark_Allocator -->
        <test-method signature="_10_Add_Student_Info_in_Grace_Mark_Allocator()[pri:0, instance:test2.proj2@65f095f8]" started-at="2021-06-12T09:36:40 IST" name="_10_Add_Student_Info_in_Grace_Mark_Allocator" finished-at="2021-06-12T09:37:07 IST" duration-ms="27006" status="PASS">
          <reporter-output>
          </reporter-output>
        </test-method> <!-- _10_Add_Student_Info_in_Grace_Mark_Allocator -->
        <test-method signature="_11_view_Grace_Marks_list_in_Grace_Mark_Allocator()[pri:0, instance:test2.proj2@65f095f8]" started-at="2021-06-12T09:37:07 IST" name="_11_view_Grace_Marks_list_in_Grace_Mark_Allocator" finished-at="2021-06-12T09:37:23 IST" duration-ms="16529" status="PASS">
          <reporter-output>
          </reporter-output>
        </test-method> <!-- _11_view_Grace_Marks_list_in_Grace_Mark_Allocator -->
        <test-method signature="_12_view1_Grace_Marks_list_in_Grace_Mark_Allocator()[pri:0, instance:test2.proj2@65f095f8]" started-at="2021-06-12T09:37:23 IST" name="_12_view1_Grace_Marks_list_in_Grace_Mark_Allocator" finished-at="2021-06-12T09:37:39 IST" duration-ms="16201" status="PASS">
          <reporter-output>
          </reporter-output>
        </test-method> <!-- _12_view1_Grace_Marks_list_in_Grace_Mark_Allocator -->
        <test-method signature="_13_Logout_for_Grace_Mark_Allocator()[pri:0, instance:test2.proj2@65f095f8]" started-at="2021-06-12T09:37:39 IST" name="_13_Logout_for_Grace_Mark_Allocator" finished-at="2021-06-12T09:38:10 IST" duration-ms="30528" status="FAIL">
          <exception class="org.openqa.selenium.NoSuchElementException">
            <message>
              <![CDATA[no such element: Unable to locate element: {"method":"xpath","selector":"/html/body/div/div[2]/div/nav/ul/button"}
  (Session info: chrome=91.0.4472.101)
For documentation on this error, please visit: https://www.seleniumhq.org/exceptions/no_such_element.html
Build info: version: '3.141.59', revision: 'e82be7d358', time: '2018-11-14T08:25:53'
System info: host: 'LAPTOP-KIHCLQNV', ip: '192.168.0.104', os.name: 'Windows 10', os.arch: 'amd64', os.version: '10.0', java.version: '15.0.1'
Driver info: org.openqa.selenium.chrome.ChromeDriver
Capabilities {acceptInsecureCerts: false, browserName: chrome, browserVersion: 91.0.4472.101, chrome: {chromedriverVersion: 91.0.4472.19 (1bf021f248676..., userDataDir: C:\Users\Hp\AppData\Local\T...}, goog:chromeOptions: {debuggerAddress: localhost:49249}, javascriptEnabled: true, networkConnectionEnabled: false, pageLoadStrategy: normal, platform: WINDOWS, platformName: WINDOWS, proxy: Proxy(), setWindowRect: true, strictFileInteractability: false, timeouts: {implicit: 0, pageLoad: 300000, script: 30000}, unhandledPromptBehavior: dismiss and notify, webauthn:extension:largeBlob: true, webauthn:virtualAuthenticators: true}
Session ID: 9a7e0844b1c088ee4d79668a1d37dc14
*** Element info: {Using=xpath, value=/html/body/div/div[2]/div/nav/ul/button}]]>
            </message>
            <full-stacktrace>
              <![CDATA[org.openqa.selenium.NoSuchElementException: no such element: Unable to locate element: {"method":"xpath","selector":"/html/body/div/div[2]/div/nav/ul/button"}
  (Session info: chrome=91.0.4472.101)
For documentation on this error, please visit: https://www.seleniumhq.org/exceptions/no_such_element.html
Build info: version: '3.141.59', revision: 'e82be7d358', time: '2018-11-14T08:25:53'
System info: host: 'LAPTOP-KIHCLQNV', ip: '192.168.0.104', os.name: 'Windows 10', os.arch: 'amd64', os.version: '10.0', java.version: '15.0.1'
Driver info: org.openqa.selenium.chrome.ChromeDriver
Capabilities {acceptInsecureCerts: false, browserName: chrome, browserVersion: 91.0.4472.101, chrome: {chromedriverVersion: 91.0.4472.19 (1bf021f248676..., userDataDir: C:\Users\Hp\AppData\Local\T...}, goog:chromeOptions: {debuggerAddress: localhost:49249}, javascriptEnabled: true, networkConnectionEnabled: false, pageLoadStrategy: normal, platform: WINDOWS, platformName: WINDOWS, proxy: Proxy(), setWindowRect: true, strictFileInteractability: false, timeouts: {implicit: 0, pageLoad: 300000, script: 30000}, unhandledPromptBehavior: dismiss and notify, webauthn:extension:largeBlob: true, webauthn:virtualAuthenticators: true}
Session ID: 9a7e0844b1c088ee4d79668a1d37dc14
*** Element info: {Using=xpath, value=/html/body/div/div[2]/div/nav/ul/button}
at java.base/jdk.internal.reflect.NativeConstructorAccessorImpl.newInstance0(Native Method)
at java.base/jdk.internal.reflect.NativeConstructorAccessorImpl.newInstance(NativeConstructorAccessorImpl.java:64)
at java.base/jdk.internal.reflect.DelegatingConstructorAccessorImpl.newInstance(DelegatingConstructorAccessorImpl.java:45)
at java.base/java.lang.reflect.Constructor.newInstanceWithCaller(Constructor.java:500)
at java.base/java.lang.reflect.Constructor.newInstance(Constructor.java:481)
at org.openqa.selenium.remote.http.W3CHttpResponseCodec.createException(W3CHttpResponseCodec.java:187)
at org.openqa.selenium.remote.http.W3CHttpResponseCodec.decode(W3CHttpResponseCodec.java:122)
at org.openqa.selenium.remote.http.W3CHttpResponseCodec.decode(W3CHttpResponseCodec.java:49)
at org.openqa.selenium.remote.HttpCommandExecutor.execute(HttpCommandExecutor.java:158)
at org.openqa.selenium.remote.service.DriverCommandExecutor.execute(DriverCommandExecutor.java:83)
at org.openqa.selenium.remote.RemoteWebDriver.execute(RemoteWebDriver.java:552)
at org.openqa.selenium.remote.RemoteWebDriver.findElement(RemoteWebDriver.java:323)
at org.openqa.selenium.remote.RemoteWebDriver.findElementByXPath(RemoteWebDriver.java:428)
at org.openqa.selenium.By$ByXPath.findElement(By.java:353)
at org.openqa.selenium.remote.RemoteWebDriver.findElement(RemoteWebDriver.java:315)
at test2.proj2._13_Logout_for_Grace_Mark_Allocator(proj2.java:486)
at java.base/jdk.internal.reflect.NativeMethodAccessorImpl.invoke0(Native Method)
at java.base/jdk.internal.reflect.NativeMethodAccessorImpl.invoke(NativeMethodAccessorImpl.java:64)
at java.base/jdk.internal.reflect.DelegatingMethodAccessorImpl.invoke(DelegatingMethodAccessorImpl.java:43)
at java.base/java.lang.reflect.Method.invoke(Method.java:564)
at org.testng.internal.MethodInvocationHelper.invokeMethod(MethodInvocationHelper.java:133)
at org.testng.internal.TestInvoker.invokeMethod(TestInvoker.java:598)
at org.testng.internal.TestInvoker.invokeTestMethod(TestInvoker.java:173)
at org.testng.internal.MethodRunner.runInSequence(MethodRunner.java:46)
at org.testng.internal.TestInvoker$MethodInvocationAgent.invoke(TestInvoker.java:824)
at org.testng.internal.TestInvoker.invokeTestMethods(TestInvoker.java:146)
at org.testng.internal.TestMethodWorker.invokeTestMethods(TestMethodWorker.java:146)
at org.testng.internal.TestMethodWorker.run(TestMethodWorker.java:128)
at java.base/java.util.ArrayList.forEach(ArrayList.java:1511)
at org.testng.TestRunner.privateRun(TestRunner.java:794)
at org.testng.TestRunner.run(TestRunner.java:596)
at org.testng.SuiteRunner.runTest(SuiteRunner.java:377)
at org.testng.SuiteRunner.runSequentially(SuiteRunner.java:371)
at org.testng.SuiteRunner.privateRun(SuiteRunner.java:332)
at org.testng.SuiteRunner.run(SuiteRunner.java:276)
at org.testng.SuiteRunnerWorker.runSuite(SuiteRunnerWorker.java:53)
at org.testng.SuiteRunnerWorker.run(SuiteRunnerWorker.java:96)
at org.testng.TestNG.runSuitesSequentially(TestNG.java:1212)
at org.testng.TestNG.runSuitesLocally(TestNG.java:1134)
at org.testng.TestNG.runSuites(TestNG.java:1063)
at org.testng.TestNG.run(TestNG.java:1031)
at org.testng.remote.AbstractRemoteTestNG.run(AbstractRemoteTestNG.java:115)
at org.testng.remote.RemoteTestNG.initAndRun(RemoteTestNG.java:251)
at org.testng.remote.RemoteTestNG.main(RemoteTestNG.java:77)
]]>
            </full-stacktrace>
          </exception> <!-- org.openqa.selenium.NoSuchElementException -->
          <reporter-output>
          </reporter-output>
        </test-method> <!-- _13_Logout_for_Grace_Mark_Allocator -->
      </class> <!-- test2.proj2 -->
    </test> <!-- Default test -->
  </suite> <!-- Default suite -->
</testng-results>
